
=SUPERVISOR REPORT==== 6-May-2015::16:16:18 ===
     Supervisor: {<0.1030.0>,ranch_acceptors_sup}
     Context:    child_terminated
     Reason:     {{case_clause,{error,closed}},
                  [{ranch_acceptor,loop,3,
                                   [{file,"src/ranch_acceptor.erl"},
                                    {line,28}]}]}
     Offender:   [{pid,<0.1042.0>},
                  {name,{acceptor,<0.1030.0>,1}},
                  {mfargs,
                   {ranch_acceptor,start_link,
                    [{sslsocket,nil,
                      {#Port<0.3960>,
                       {config,
                        {ssl_options,tls,
                         [{3,3},{3,2},{3,1},{3,0}],
                         verify_peer,undefined,#Fun<ssl.8.17509269>,false,
                         false,undefined,1,
                         <<"/home/admin/conf/web/ssl.post-hawk.com.pem">>,
                         undefined,
                         <<"/home/admin/conf/web/ssl.post-hawk.com.pem">>,
                         undefined,[],undefined,
                         <<"/home/admin/conf/web/sub.class1.server.sha2.ca .pem">>,
                         undefined,undefined,undefined,undefined,undefined,
                         [<<"À$">>,<<"À(">>,<<"À&">>,<<"À*">>,
                          <<0,107>>,
                          <<0,106>>,
                          <<0,61>>,
                          <<"À#">>,<<"À'">>,<<"À%">>,<<"À)">>,
                          <<0,103>>,
                          <<0,64>>,
                          <<0,60>>,
                          <<"À\n">>,
                          <<192,20>>,
                          <<0,57>>,
                          <<0,56>>,
                          <<192,5>>,
                          <<192,15>>,
                          <<0,53>>,
                          <<"À\b">>,
                          <<192,18>>,
                          <<0,22>>,
                          <<0,19>>],
                         #Fun<ssl.1.17509269>,true,268435456,false,undefined,
                         false,undefined,undefined,true,undefined,false},
                        [{mode,binary},
                         {active,false},
                         {packet,raw},
                         {reuseaddr,true},
                         {nodelay,true},
                         {send_timeout_close,true},
                         {send_timeout,30000},
                         {backlog,1024},
                         {port,2222}],
                        <0.1041.0>,
                        [{port,2222},
                         {backlog,1024},
                         {send_timeout,30000},
                         {send_timeout_close,true},
                         {nodelay,true},
                         {reuseaddr,true},
                         {packet_size,0},
                         {packet,0},
                         {header,0},
                         {active,false},
                         {mode,binary}],
                        {gen_tcp,tcp,tcp_closed,tcp_error},
                        tls_connection}}},
                     ranch_ssl,<0.1029.0>]}},
                  {restart_type,permanent},
                  {shutdown,brutal_kill},
                  {child_type,worker}]


=SUPERVISOR REPORT==== 6-May-2015::16:16:18 ===
     Supervisor: {<0.1030.0>,ranch_acceptors_sup}
     Context:    child_terminated
     Reason:     {{case_clause,{error,closed}},
                  [{ranch_acceptor,loop,3,
                                   [{file,"src/ranch_acceptor.erl"},
                                    {line,28}]}]}
     Offender:   [{pid,<0.1064.0>},
                  {name,{acceptor,<0.1030.0>,1}},
                  {mfargs,
                   {ranch_acceptor,start_link,
                    [{sslsocket,nil,
                      {#Port<0.3960>,
                       {config,
                        {ssl_options,tls,
                         [{3,3},{3,2},{3,1},{3,0}],
                         verify_peer,undefined,#Fun<ssl.8.17509269>,false,
                         false,undefined,1,
                         <<"/home/admin/conf/web/ssl.post-hawk.com.pem">>,
                         undefined,
                         <<"/home/admin/conf/web/ssl.post-hawk.com.pem">>,
                         undefined,[],undefined,
                         <<"/home/admin/conf/web/sub.class1.server.sha2.ca .pem">>,
                         undefined,undefined,undefined,undefined,undefined,
                         [<<"À$">>,<<"À(">>,<<"À&">>,<<"À*">>,
                          <<0,107>>,
                          <<0,106>>,
                          <<0,61>>,
                          <<"À#">>,<<"À'">>,<<"À%">>,<<"À)">>,
                          <<0,103>>,
                          <<0,64>>,
                          <<0,60>>,
                          <<"À\n">>,
                          <<192,20>>,
                          <<0,57>>,
                          <<0,56>>,
                          <<192,5>>,
                          <<192,15>>,
                          <<0,53>>,
                          <<"À\b">>,
                          <<192,18>>,
                          <<0,22>>,
                          <<0,19>>],
                         #Fun<ssl.1.17509269>,true,268435456,false,undefined,
                         false,undefined,undefined,true,undefined,false},
                        [{mode,binary},
                         {active,false},
                         {packet,raw},
                         {reuseaddr,true},
                         {nodelay,true},
                         {send_timeout_close,true},
                         {send_timeout,30000},
                         {backlog,1024},
                         {port,2222}],
                        <0.1041.0>,
                        [{port,2222},
                         {backlog,1024},
                         {send_timeout,30000},
                         {send_timeout_close,true},
                         {nodelay,true},
                         {reuseaddr,true},
                         {packet_size,0},
                         {packet,0},
                         {header,0},
                         {active,false},
                         {mode,binary}],
                        {gen_tcp,tcp,tcp_closed,tcp_error},
                        tls_connection}}},
                     ranch_ssl,<0.1029.0>]}},
                  {restart_type,permanent},
                  {shutdown,brutal_kill},
                  {child_type,worker}]


=SUPERVISOR REPORT==== 6-May-2015::16:16:18 ===
     Supervisor: {<0.1030.0>,ranch_acceptors_sup}
     Context:    child_terminated
     Reason:     {{case_clause,{error,closed}},
                  [{ranch_acceptor,loop,3,
                                   [{file,"src/ranch_acceptor.erl"},
                                    {line,28}]}]}
     Offender:   [{pid,<0.1065.0>},
                  {name,{acceptor,<0.1030.0>,1}},
                  {mfargs,
                   {ranch_acceptor,start_link,
                    [{sslsocket,nil,
                      {#Port<0.3960>,
                       {config,
                        {ssl_options,tls,
                         [{3,3},{3,2},{3,1},{3,0}],
                         verify_peer,undefined,#Fun<ssl.8.17509269>,false,
                         false,undefined,1,
                         <<"/home/admin/conf/web/ssl.post-hawk.com.pem">>,
                         undefined,
                         <<"/home/admin/conf/web/ssl.post-hawk.com.pem">>,
                         undefined,[],undefined,
                         <<"/home/admin/conf/web/sub.class1.server.sha2.ca .pem">>,
                         undefined,undefined,undefined,undefined,undefined,
                         [<<"À$">>,<<"À(">>,<<"À&">>,<<"À*">>,
                          <<0,107>>,
                          <<0,106>>,
                          <<0,61>>,
                          <<"À#">>,<<"À'">>,<<"À%">>,<<"À)">>,
                          <<0,103>>,
                          <<0,64>>,
                          <<0,60>>,
                          <<"À\n">>,
                          <<192,20>>,
                          <<0,57>>,
                          <<0,56>>,
                          <<192,5>>,
                          <<192,15>>,
                          <<0,53>>,
                          <<"À\b">>,
                          <<192,18>>,
                          <<0,22>>,
                          <<0,19>>],
                         #Fun<ssl.1.17509269>,true,268435456,false,undefined,
                         false,undefined,undefined,true,undefined,false},
                        [{mode,binary},
                         {active,false},
                         {packet,raw},
                         {reuseaddr,true},
                         {nodelay,true},
                         {send_timeout_close,true},
                         {send_timeout,30000},
                         {backlog,1024},
                         {port,2222}],
                        <0.1041.0>,
                        [{port,2222},
                         {backlog,1024},
                         {send_timeout,30000},
                         {send_timeout_close,true},
                         {nodelay,true},
                         {reuseaddr,true},
                         {packet_size,0},
                         {packet,0},
                         {header,0},
                         {active,false},
                         {mode,binary}],
                        {gen_tcp,tcp,tcp_closed,tcp_error},
                        tls_connection}}},
                     ranch_ssl,<0.1029.0>]}},
                  {restart_type,permanent},
                  {shutdown,brutal_kill},
                  {child_type,worker}]


=SUPERVISOR REPORT==== 6-May-2015::16:16:18 ===
     Supervisor: {<0.1030.0>,ranch_acceptors_sup}
     Context:    child_terminated
     Reason:     {{case_clause,{error,closed}},
                  [{ranch_acceptor,loop,3,
                                   [{file,"src/ranch_acceptor.erl"},
                                    {line,28}]}]}
     Offender:   [{pid,<0.1066.0>},
                  {name,{acceptor,<0.1030.0>,1}},
                  {mfargs,
                   {ranch_acceptor,start_link,
                    [{sslsocket,nil,
                      {#Port<0.3960>,
                       {config,
                        {ssl_options,tls,
                         [{3,3},{3,2},{3,1},{3,0}],
                         verify_peer,undefined,#Fun<ssl.8.17509269>,false,
                         false,undefined,1,
                         <<"/home/admin/conf/web/ssl.post-hawk.com.pem">>,
                         undefined,
                         <<"/home/admin/conf/web/ssl.post-hawk.com.pem">>,
                         undefined,[],undefined,
                         <<"/home/admin/conf/web/sub.class1.server.sha2.ca .pem">>,
                         undefined,undefined,undefined,undefined,undefined,
                         [<<"À$">>,<<"À(">>,<<"À&">>,<<"À*">>,
                          <<0,107>>,
                          <<0,106>>,
                          <<0,61>>,
                          <<"À#">>,<<"À'">>,<<"À%">>,<<"À)">>,
                          <<0,103>>,
                          <<0,64>>,
                          <<0,60>>,
                          <<"À\n">>,
                          <<192,20>>,
                          <<0,57>>,
                          <<0,56>>,
                          <<192,5>>,
                          <<192,15>>,
                          <<0,53>>,
                          <<"À\b">>,
                          <<192,18>>,
                          <<0,22>>,
                          <<0,19>>],
                         #Fun<ssl.1.17509269>,true,268435456,false,undefined,
                         false,undefined,undefined,true,undefined,false},
                        [{mode,binary},
                         {active,false},
                         {packet,raw},
                         {reuseaddr,true},
                         {nodelay,true},
                         {send_timeout_close,true},
                         {send_timeout,30000},
                         {backlog,1024},
                         {port,2222}],
                        <0.1041.0>,
                        [{port,2222},
                         {backlog,1024},
                         {send_timeout,30000},
                         {send_timeout_close,true},
                         {nodelay,true},
                         {reuseaddr,true},
                         {packet_size,0},
                         {packet,0},
                         {header,0},
                         {active,false},
                         {mode,binary}],
                        {gen_tcp,tcp,tcp_closed,tcp_error},
                        tls_connection}}},
                     ranch_ssl,<0.1029.0>]}},
                  {restart_type,permanent},
                  {shutdown,brutal_kill},
                  {child_type,worker}]


=SUPERVISOR REPORT==== 6-May-2015::16:16:18 ===
     Supervisor: {<0.1030.0>,ranch_acceptors_sup}
     Context:    child_terminated
     Reason:     {{case_clause,{error,closed}},
                  [{ranch_acceptor,loop,3,
                                   [{file,"src/ranch_acceptor.erl"},
                                    {line,28}]}]}
     Offender:   [{pid,<0.1067.0>},
                  {name,{acceptor,<0.1030.0>,1}},
                  {mfargs,
                   {ranch_acceptor,start_link,
                    [{sslsocket,nil,
                      {#Port<0.3960>,
                       {config,
                        {ssl_options,tls,
                         [{3,3},{3,2},{3,1},{3,0}],
                         verify_peer,undefined,#Fun<ssl.8.17509269>,false,
                         false,undefined,1,
                         <<"/home/admin/conf/web/ssl.post-hawk.com.pem">>,
                         undefined,
                         <<"/home/admin/conf/web/ssl.post-hawk.com.pem">>,
                         undefined,[],undefined,
                         <<"/home/admin/conf/web/sub.class1.server.sha2.ca .pem">>,
                         undefined,undefined,undefined,undefined,undefined,
                         [<<"À$">>,<<"À(">>,<<"À&">>,<<"À*">>,
                          <<0,107>>,
                          <<0,106>>,
                          <<0,61>>,
                          <<"À#">>,<<"À'">>,<<"À%">>,<<"À)">>,
                          <<0,103>>,
                          <<0,64>>,
                          <<0,60>>,
                          <<"À\n">>,
                          <<192,20>>,
                          <<0,57>>,
                          <<0,56>>,
                          <<192,5>>,
                          <<192,15>>,
                          <<0,53>>,
                          <<"À\b">>,
                          <<192,18>>,
                          <<0,22>>,
                          <<0,19>>],
                         #Fun<ssl.1.17509269>,true,268435456,false,undefined,
                         false,undefined,undefined,true,undefined,false},
                        [{mode,binary},
                         {active,false},
                         {packet,raw},
                         {reuseaddr,true},
                         {nodelay,true},
                         {send_timeout_close,true},
                         {send_timeout,30000},
                         {backlog,1024},
                         {port,2222}],
                        <0.1041.0>,
                        [{port,2222},
                         {backlog,1024},
                         {send_timeout,30000},
                         {send_timeout_close,true},
                         {nodelay,true},
                         {reuseaddr,true},
                         {packet_size,0},
                         {packet,0},
                         {header,0},
                         {active,false},
                         {mode,binary}],
                        {gen_tcp,tcp,tcp_closed,tcp_error},
                        tls_connection}}},
                     ranch_ssl,<0.1029.0>]}},
                  {restart_type,permanent},
                  {shutdown,brutal_kill},
                  {child_type,worker}]


=SUPERVISOR REPORT==== 6-May-2015::16:16:18 ===
     Supervisor: {<0.1030.0>,ranch_acceptors_sup}
     Context:    child_terminated
     Reason:     {{case_clause,{error,closed}},
                  [{ranch_acceptor,loop,3,
                                   [{file,"src/ranch_acceptor.erl"},
                                    {line,28}]}]}
     Offender:   [{pid,<0.1068.0>},
                  {name,{acceptor,<0.1030.0>,1}},
                  {mfargs,
                   {ranch_acceptor,start_link,
                    [{sslsocket,nil,
                      {#Port<0.3960>,
                       {config,
                        {ssl_options,tls,
                         [{3,3},{3,2},{3,1},{3,0}],
                         verify_peer,undefined,#Fun<ssl.8.17509269>,false,
                         false,undefined,1,
                         <<"/home/admin/conf/web/ssl.post-hawk.com.pem">>,
                         undefined,
                         <<"/home/admin/conf/web/ssl.post-hawk.com.pem">>,
                         undefined,[],undefined,
                         <<"/home/admin/conf/web/sub.class1.server.sha2.ca .pem">>,
                         undefined,undefined,undefined,undefined,undefined,
                         [<<"À$">>,<<"À(">>,<<"À&">>,<<"À*">>,
                          <<0,107>>,
                          <<0,106>>,
                          <<0,61>>,
                          <<"À#">>,<<"À'">>,<<"À%">>,<<"À)">>,
                          <<0,103>>,
                          <<0,64>>,
                          <<0,60>>,
                          <<"À\n">>,
                          <<192,20>>,
                          <<0,57>>,
                          <<0,56>>,
                          <<192,5>>,
                          <<192,15>>,
                          <<0,53>>,
                          <<"À\b">>,
                          <<192,18>>,
                          <<0,22>>,
                          <<0,19>>],
                         #Fun<ssl.1.17509269>,true,268435456,false,undefined,
                         false,undefined,undefined,true,undefined,false},
                        [{mode,binary},
                         {active,false},
                         {packet,raw},
                         {reuseaddr,true},
                         {nodelay,true},
                         {send_timeout_close,true},
                         {send_timeout,30000},
                         {backlog,1024},
                         {port,2222}],
                        <0.1041.0>,
                        [{port,2222},
                         {backlog,1024},
                         {send_timeout,30000},
                         {send_timeout_close,true},
                         {nodelay,true},
                         {reuseaddr,true},
                         {packet_size,0},
                         {packet,0},
                         {header,0},
                         {active,false},
                         {mode,binary}],
                        {gen_tcp,tcp,tcp_closed,tcp_error},
                        tls_connection}}},
                     ranch_ssl,<0.1029.0>]}},
                  {restart_type,permanent},
                  {shutdown,brutal_kill},
                  {child_type,worker}]


=SUPERVISOR REPORT==== 6-May-2015::16:16:18 ===
     Supervisor: {<0.1030.0>,ranch_acceptors_sup}
     Context:    child_terminated
     Reason:     {{case_clause,{error,closed}},
                  [{ranch_acceptor,loop,3,
                                   [{file,"src/ranch_acceptor.erl"},
                                    {line,28}]}]}
     Offender:   [{pid,<0.1069.0>},
                  {name,{acceptor,<0.1030.0>,1}},
                  {mfargs,
                   {ranch_acceptor,start_link,
                    [{sslsocket,nil,
                      {#Port<0.3960>,
                       {config,
                        {ssl_options,tls,
                         [{3,3},{3,2},{3,1},{3,0}],
                         verify_peer,undefined,#Fun<ssl.8.17509269>,false,
                         false,undefined,1,
                         <<"/home/admin/conf/web/ssl.post-hawk.com.pem">>,
                         undefined,
                         <<"/home/admin/conf/web/ssl.post-hawk.com.pem">>,
                         undefined,[],undefined,
                         <<"/home/admin/conf/web/sub.class1.server.sha2.ca .pem">>,
                         undefined,undefined,undefined,undefined,undefined,
                         [<<"À$">>,<<"À(">>,<<"À&">>,<<"À*">>,
                          <<0,107>>,
                          <<0,106>>,
                          <<0,61>>,
                          <<"À#">>,<<"À'">>,<<"À%">>,<<"À)">>,
                          <<0,103>>,
                          <<0,64>>,
                          <<0,60>>,
                          <<"À\n">>,
                          <<192,20>>,
                          <<0,57>>,
                          <<0,56>>,
                          <<192,5>>,
                          <<192,15>>,
                          <<0,53>>,
                          <<"À\b">>,
                          <<192,18>>,
                          <<0,22>>,
                          <<0,19>>],
                         #Fun<ssl.1.17509269>,true,268435456,false,undefined,
                         false,undefined,undefined,true,undefined,false},
                        [{mode,binary},
                         {active,false},
                         {packet,raw},
                         {reuseaddr,true},
                         {nodelay,true},
                         {send_timeout_close,true},
                         {send_timeout,30000},
                         {backlog,1024},
                         {port,2222}],
                        <0.1041.0>,
                        [{port,2222},
                         {backlog,1024},
                         {send_timeout,30000},
                         {send_timeout_close,true},
                         {nodelay,true},
                         {reuseaddr,true},
                         {packet_size,0},
                         {packet,0},
                         {header,0},
                         {active,false},
                         {mode,binary}],
                        {gen_tcp,tcp,tcp_closed,tcp_error},
                        tls_connection}}},
                     ranch_ssl,<0.1029.0>]}},
                  {restart_type,permanent},
                  {shutdown,brutal_kill},
                  {child_type,worker}]


=SUPERVISOR REPORT==== 6-May-2015::16:16:18 ===
     Supervisor: {<0.1030.0>,ranch_acceptors_sup}
     Context:    child_terminated
     Reason:     {{case_clause,{error,closed}},
                  [{ranch_acceptor,loop,3,
                                   [{file,"src/ranch_acceptor.erl"},
                                    {line,28}]}]}
     Offender:   [{pid,<0.1070.0>},
                  {name,{acceptor,<0.1030.0>,1}},
                  {mfargs,
                   {ranch_acceptor,start_link,
                    [{sslsocket,nil,
                      {#Port<0.3960>,
                       {config,
                        {ssl_options,tls,
                         [{3,3},{3,2},{3,1},{3,0}],
                         verify_peer,undefined,#Fun<ssl.8.17509269>,false,
                         false,undefined,1,
                         <<"/home/admin/conf/web/ssl.post-hawk.com.pem">>,
                         undefined,
                         <<"/home/admin/conf/web/ssl.post-hawk.com.pem">>,
                         undefined,[],undefined,
                         <<"/home/admin/conf/web/sub.class1.server.sha2.ca .pem">>,
                         undefined,undefined,undefined,undefined,undefined,
                         [<<"À$">>,<<"À(">>,<<"À&">>,<<"À*">>,
                          <<0,107>>,
                          <<0,106>>,
                          <<0,61>>,
                          <<"À#">>,<<"À'">>,<<"À%">>,<<"À)">>,
                          <<0,103>>,
                          <<0,64>>,
                          <<0,60>>,
                          <<"À\n">>,
                          <<192,20>>,
                          <<0,57>>,
                          <<0,56>>,
                          <<192,5>>,
                          <<192,15>>,
                          <<0,53>>,
                          <<"À\b">>,
                          <<192,18>>,
                          <<0,22>>,
                          <<0,19>>],
                         #Fun<ssl.1.17509269>,true,268435456,false,undefined,
                         false,undefined,undefined,true,undefined,false},
                        [{mode,binary},
                         {active,false},
                         {packet,raw},
                         {reuseaddr,true},
                         {nodelay,true},
                         {send_timeout_close,true},
                         {send_timeout,30000},
                         {backlog,1024},
                         {port,2222}],
                        <0.1041.0>,
                        [{port,2222},
                         {backlog,1024},
                         {send_timeout,30000},
                         {send_timeout_close,true},
                         {nodelay,true},
                         {reuseaddr,true},
                         {packet_size,0},
                         {packet,0},
                         {header,0},
                         {active,false},
                         {mode,binary}],
                        {gen_tcp,tcp,tcp_closed,tcp_error},
                        tls_connection}}},
                     ranch_ssl,<0.1029.0>]}},
                  {restart_type,permanent},
                  {shutdown,brutal_kill},
                  {child_type,worker}]


=SUPERVISOR REPORT==== 6-May-2015::16:16:18 ===
     Supervisor: {<0.1030.0>,ranch_acceptors_sup}
     Context:    child_terminated
     Reason:     {{case_clause,{error,closed}},
                  [{ranch_acceptor,loop,3,
                                   [{file,"src/ranch_acceptor.erl"},
                                    {line,28}]}]}
     Offender:   [{pid,<0.1071.0>},
                  {name,{acceptor,<0.1030.0>,1}},
                  {mfargs,
                   {ranch_acceptor,start_link,
                    [{sslsocket,nil,
                      {#Port<0.3960>,
                       {config,
                        {ssl_options,tls,
                         [{3,3},{3,2},{3,1},{3,0}],
                         verify_peer,undefined,#Fun<ssl.8.17509269>,false,
                         false,undefined,1,
                         <<"/home/admin/conf/web/ssl.post-hawk.com.pem">>,
                         undefined,
                         <<"/home/admin/conf/web/ssl.post-hawk.com.pem">>,
                         undefined,[],undefined,
                         <<"/home/admin/conf/web/sub.class1.server.sha2.ca .pem">>,
                         undefined,undefined,undefined,undefined,undefined,
                         [<<"À$">>,<<"À(">>,<<"À&">>,<<"À*">>,
                          <<0,107>>,
                          <<0,106>>,
                          <<0,61>>,
                          <<"À#">>,<<"À'">>,<<"À%">>,<<"À)">>,
                          <<0,103>>,
                          <<0,64>>,
                          <<0,60>>,
                          <<"À\n">>,
                          <<192,20>>,
                          <<0,57>>,
                          <<0,56>>,
                          <<192,5>>,
                          <<192,15>>,
                          <<0,53>>,
                          <<"À\b">>,
                          <<192,18>>,
                          <<0,22>>,
                          <<0,19>>],
                         #Fun<ssl.1.17509269>,true,268435456,false,undefined,
                         false,undefined,undefined,true,undefined,false},
                        [{mode,binary},
                         {active,false},
                         {packet,raw},
                         {reuseaddr,true},
                         {nodelay,true},
                         {send_timeout_close,true},
                         {send_timeout,30000},
                         {backlog,1024},
                         {port,2222}],
                        <0.1041.0>,
                        [{port,2222},
                         {backlog,1024},
                         {send_timeout,30000},
                         {send_timeout_close,true},
                         {nodelay,true},
                         {reuseaddr,true},
                         {packet_size,0},
                         {packet,0},
                         {header,0},
                         {active,false},
                         {mode,binary}],
                        {gen_tcp,tcp,tcp_closed,tcp_error},
                        tls_connection}}},
                     ranch_ssl,<0.1029.0>]}},
                  {restart_type,permanent},
                  {shutdown,brutal_kill},
                  {child_type,worker}]


=SUPERVISOR REPORT==== 6-May-2015::16:16:18 ===
     Supervisor: {<0.1030.0>,ranch_acceptors_sup}
     Context:    child_terminated
     Reason:     {{case_clause,{error,closed}},
                  [{ranch_acceptor,loop,3,
                                   [{file,"src/ranch_acceptor.erl"},
                                    {line,28}]}]}
     Offender:   [{pid,<0.1072.0>},
                  {name,{acceptor,<0.1030.0>,1}},
                  {mfargs,
                   {ranch_acceptor,start_link,
                    [{sslsocket,nil,
                      {#Port<0.3960>,
                       {config,
                        {ssl_options,tls,
                         [{3,3},{3,2},{3,1},{3,0}],
                         verify_peer,undefined,#Fun<ssl.8.17509269>,false,
                         false,undefined,1,
                         <<"/home/admin/conf/web/ssl.post-hawk.com.pem">>,
                         undefined,
                         <<"/home/admin/conf/web/ssl.post-hawk.com.pem">>,
                         undefined,[],undefined,
                         <<"/home/admin/conf/web/sub.class1.server.sha2.ca .pem">>,
                         undefined,undefined,undefined,undefined,undefined,
                         [<<"À$">>,<<"À(">>,<<"À&">>,<<"À*">>,
                          <<0,107>>,
                          <<0,106>>,
                          <<0,61>>,
                          <<"À#">>,<<"À'">>,<<"À%">>,<<"À)">>,
                          <<0,103>>,
                          <<0,64>>,
                          <<0,60>>,
                          <<"À\n">>,
                          <<192,20>>,
                          <<0,57>>,
                          <<0,56>>,
                          <<192,5>>,
                          <<192,15>>,
                          <<0,53>>,
                          <<"À\b">>,
                          <<192,18>>,
                          <<0,22>>,
                          <<0,19>>],
                         #Fun<ssl.1.17509269>,true,268435456,false,undefined,
                         false,undefined,undefined,true,undefined,false},
                        [{mode,binary},
                         {active,false},
                         {packet,raw},
                         {reuseaddr,true},
                         {nodelay,true},
                         {send_timeout_close,true},
                         {send_timeout,30000},
                         {backlog,1024},
                         {port,2222}],
                        <0.1041.0>,
                        [{port,2222},
                         {backlog,1024},
                         {send_timeout,30000},
                         {send_timeout_close,true},
                         {nodelay,true},
                         {reuseaddr,true},
                         {packet_size,0},
                         {packet,0},
                         {header,0},
                         {active,false},
                         {mode,binary}],
                        {gen_tcp,tcp,tcp_closed,tcp_error},
                        tls_connection}}},
                     ranch_ssl,<0.1029.0>]}},
                  {restart_type,permanent},
                  {shutdown,brutal_kill},
                  {child_type,worker}]


=SUPERVISOR REPORT==== 6-May-2015::16:16:18 ===
     Supervisor: {<0.1030.0>,ranch_acceptors_sup}
     Context:    child_terminated
     Reason:     {{case_clause,{error,closed}},
                  [{ranch_acceptor,loop,3,
                                   [{file,"src/ranch_acceptor.erl"},
                                    {line,28}]}]}
     Offender:   [{pid,<0.1073.0>},
                  {name,{acceptor,<0.1030.0>,1}},
                  {mfargs,
                   {ranch_acceptor,start_link,
                    [{sslsocket,nil,
                      {#Port<0.3960>,
                       {config,
                        {ssl_options,tls,
                         [{3,3},{3,2},{3,1},{3,0}],
                         verify_peer,undefined,#Fun<ssl.8.17509269>,false,
                         false,undefined,1,
                         <<"/home/admin/conf/web/ssl.post-hawk.com.pem">>,
                         undefined,
                         <<"/home/admin/conf/web/ssl.post-hawk.com.pem">>,
                         undefined,[],undefined,
                         <<"/home/admin/conf/web/sub.class1.server.sha2.ca .pem">>,
                         undefined,undefined,undefined,undefined,undefined,
                         [<<"À$">>,<<"À(">>,<<"À&">>,<<"À*">>,
                          <<0,107>>,
                          <<0,106>>,
                          <<0,61>>,
                          <<"À#">>,<<"À'">>,<<"À%">>,<<"À)">>,
                          <<0,103>>,
                          <<0,64>>,
                          <<0,60>>,
                          <<"À\n">>,
                          <<192,20>>,
                          <<0,57>>,
                          <<0,56>>,
                          <<192,5>>,
                          <<192,15>>,
                          <<0,53>>,
                          <<"À\b">>,
                          <<192,18>>,
                          <<0,22>>,
                          <<0,19>>],
                         #Fun<ssl.1.17509269>,true,268435456,false,undefined,
                         false,undefined,undefined,true,undefined,false},
                        [{mode,binary},
                         {active,false},
                         {packet,raw},
                         {reuseaddr,true},
                         {nodelay,true},
                         {send_timeout_close,true},
                         {send_timeout,30000},
                         {backlog,1024},
                         {port,2222}],
                        <0.1041.0>,
                        [{port,2222},
                         {backlog,1024},
                         {send_timeout,30000},
                         {send_timeout_close,true},
                         {nodelay,true},
                         {reuseaddr,true},
                         {packet_size,0},
                         {packet,0},
                         {header,0},
                         {active,false},
                         {mode,binary}],
                        {gen_tcp,tcp,tcp_closed,tcp_error},
                        tls_connection}}},
                     ranch_ssl,<0.1029.0>]}},
                  {restart_type,permanent},
                  {shutdown,brutal_kill},
                  {child_type,worker}]


=SUPERVISOR REPORT==== 6-May-2015::16:16:18 ===
     Supervisor: {<0.1030.0>,ranch_acceptors_sup}
     Context:    shutdown
     Reason:     reached_max_restart_intensity
     Offender:   [{pid,<0.1073.0>},
                  {name,{acceptor,<0.1030.0>,1}},
                  {mfargs,
                   {ranch_acceptor,start_link,
                    [{sslsocket,nil,
                      {#Port<0.3960>,
                       {config,
                        {ssl_options,tls,
                         [{3,3},{3,2},{3,1},{3,0}],
                         verify_peer,undefined,#Fun<ssl.8.17509269>,false,
                         false,undefined,1,
                         <<"/home/admin/conf/web/ssl.post-hawk.com.pem">>,
                         undefined,
                         <<"/home/admin/conf/web/ssl.post-hawk.com.pem">>,
                         undefined,[],undefined,
                         <<"/home/admin/conf/web/sub.class1.server.sha2.ca .pem">>,
                         undefined,undefined,undefined,undefined,undefined,
                         [<<"À$">>,<<"À(">>,<<"À&">>,<<"À*">>,
                          <<0,107>>,
                          <<0,106>>,
                          <<0,61>>,
                          <<"À#">>,<<"À'">>,<<"À%">>,<<"À)">>,
                          <<0,103>>,
                          <<0,64>>,
                          <<0,60>>,
                          <<"À\n">>,
                          <<192,20>>,
                          <<0,57>>,
                          <<0,56>>,
                          <<192,5>>,
                          <<192,15>>,
                          <<0,53>>,
                          <<"À\b">>,
                          <<192,18>>,
                          <<0,22>>,
                          <<0,19>>],
                         #Fun<ssl.1.17509269>,true,268435456,false,undefined,
                         false,undefined,undefined,true,undefined,false},
                        [{mode,binary},
                         {active,false},
                         {packet,raw},
                         {reuseaddr,true},
                         {nodelay,true},
                         {send_timeout_close,true},
                         {send_timeout,30000},
                         {backlog,1024},
                         {port,2222}],
                        <0.1041.0>,
                        [{port,2222},
                         {backlog,1024},
                         {send_timeout,30000},
                         {send_timeout_close,true},
                         {nodelay,true},
                         {reuseaddr,true},
                         {packet_size,0},
                         {packet,0},
                         {header,0},
                         {active,false},
                         {mode,binary}],
                        {gen_tcp,tcp,tcp_closed,tcp_error},
                        tls_connection}}},
                     ranch_ssl,<0.1029.0>]}},
                  {restart_type,permanent},
                  {shutdown,brutal_kill},
                  {child_type,worker}]


=SUPERVISOR REPORT==== 6-May-2015::16:16:18 ===
     Supervisor: {<0.1028.0>,ranch_listener_sup}
     Context:    child_terminated
     Reason:     shutdown
     Offender:   [{pid,<0.1030.0>},
                  {name,ranch_acceptors_sup},
                  {mfargs,
                      {ranch_acceptors_sup,start_link,
                          [hawk_pool,1,ranch_ssl,
                           [{port,2222},
                            {certfile,
                                "/home/admin/conf/web/ssl.post-hawk.com.pem"},
                            {cacertfile,
                                "/home/admin/conf/web/sub.class1.server.sha2.ca .pem"},
                            {ciphers,
                                ["ECDHE-ECDSA-AES256-SHA384",
                                 "ECDHE-RSA-AES256-SHA384",
                                 "ECDH-ECDSA-AES256-SHA384",
                                 "ECDH-RSA-AES256-SHA384",
                                 "DHE-RSA-AES256-SHA256",
                                 "DHE-DSS-AES256-SHA256","AES256-SHA256",
                                 "ECDHE-ECDSA-AES128-SHA256",
                                 "ECDHE-RSA-AES128-SHA256",
                                 "ECDH-ECDSA-AES128-SHA256",
                                 "ECDH-RSA-AES128-SHA256",
                                 "DHE-RSA-AES128-SHA256",
                                 "DHE-DSS-AES128-SHA256","AES128-SHA256",
                                 "ECDHE-ECDSA-AES256-SHA",
                                 "ECDHE-RSA-AES256-SHA","DHE-RSA-AES256-SHA",
                                 "DHE-DSS-AES256-SHA","ECDH-ECDSA-AES256-SHA",
                                 "ECDH-RSA-AES256-SHA","AES256-SHA",
                                 "ECDHE-ECDSA-DES-CBC3-SHA",
                                 "ECDHE-RSA-DES-CBC3-SHA",
                                 "EDH-RSA-DES-CBC3-SHA",
                                 "EDH-DSS-DES-CBC3-SHA"]},
                            {verify,verify_peer}]]}},
                  {restart_type,permanent},
                  {shutdown,infinity},
                  {child_type,supervisor}]

